  [1m[36mActiveRecord::SchemaMigration Load (0.2ms)[0m  [1mSELECT `schema_migrations`.* FROM `schema_migrations`[0m


Started GET "/" for 127.0.0.1 at 2014-11-18 18:07:07 +0000
Processing by Rails::WelcomeController#index as HTML
  Rendered /Users/Brad/.rvm/gems/ruby-2.1.2/gems/railties-4.1.6/lib/rails/templates/rails/welcome/index.html.erb (9.3ms)
Completed 200 OK in 68ms (Views: 44.2ms | ActiveRecord: 0.0ms)
  [1m[36mActiveRecord::SchemaMigration Load (0.2ms)[0m  [1mSELECT `schema_migrations`.* FROM `schema_migrations`[0m
Migrating to CreateHomepages (20141118180801)
  [1m[35m (168.7ms)[0m  CREATE TABLE `homepages` (`id` int(11) auto_increment PRIMARY KEY, `index` varchar(255), `created_at` datetime, `updated_at` datetime) ENGINE=InnoDB
  [1m[36m (0.2ms)[0m  [1mBEGIN[0m
  [1m[35mSQL (50.1ms)[0m  INSERT INTO `schema_migrations` (`version`) VALUES ('20141118180801')
  [1m[36m (0.5ms)[0m  [1mCOMMIT[0m
  [1m[35mActiveRecord::SchemaMigration Load (0.2ms)[0m  SELECT `schema_migrations`.* FROM `schema_migrations`


Started GET "/" for 127.0.0.1 at 2014-11-18 18:08:32 +0000
  [1m[36mActiveRecord::SchemaMigration Load (0.2ms)[0m  [1mSELECT `schema_migrations`.* FROM `schema_migrations`[0m
Processing by Rails::WelcomeController#index as HTML
  Rendered /Users/Brad/.rvm/gems/ruby-2.1.2/gems/railties-4.1.6/lib/rails/templates/rails/welcome/index.html.erb (0.1ms)
Completed 200 OK in 7ms (Views: 6.8ms | ActiveRecord: 0.0ms)


Started GET "/homepafe" for 127.0.0.1 at 2014-11-18 18:08:37 +0000

ActionController::RoutingError (No route matches [GET] "/homepafe"):
  actionpack (4.1.6) lib/action_dispatch/middleware/debug_exceptions.rb:21:in `call'
  actionpack (4.1.6) lib/action_dispatch/middleware/show_exceptions.rb:30:in `call'
  railties (4.1.6) lib/rails/rack/logger.rb:38:in `call_app'
  railties (4.1.6) lib/rails/rack/logger.rb:20:in `block in call'
  activesupport (4.1.6) lib/active_support/tagged_logging.rb:68:in `block in tagged'
  activesupport (4.1.6) lib/active_support/tagged_logging.rb:26:in `tagged'
  activesupport (4.1.6) lib/active_support/tagged_logging.rb:68:in `tagged'
  railties (4.1.6) lib/rails/rack/logger.rb:20:in `call'
  actionpack (4.1.6) lib/action_dispatch/middleware/request_id.rb:21:in `call'
  rack (1.5.2) lib/rack/methodoverride.rb:21:in `call'
  rack (1.5.2) lib/rack/runtime.rb:17:in `call'
  activesupport (4.1.6) lib/active_support/cache/strategy/local_cache_middleware.rb:26:in `call'
  rack (1.5.2) lib/rack/lock.rb:17:in `call'
  actionpack (4.1.6) lib/action_dispatch/middleware/static.rb:64:in `call'
  rack (1.5.2) lib/rack/sendfile.rb:112:in `call'
  railties (4.1.6) lib/rails/engine.rb:514:in `call'
  railties (4.1.6) lib/rails/application.rb:144:in `call'
  rack (1.5.2) lib/rack/lock.rb:17:in `call'
  rack (1.5.2) lib/rack/content_length.rb:14:in `call'
  rack (1.5.2) lib/rack/handler/webrick.rb:60:in `service'
  /Users/Brad/.rvm/rubies/ruby-2.1.2/lib/ruby/2.1.0/webrick/httpserver.rb:138:in `service'
  /Users/Brad/.rvm/rubies/ruby-2.1.2/lib/ruby/2.1.0/webrick/httpserver.rb:94:in `run'
  /Users/Brad/.rvm/rubies/ruby-2.1.2/lib/ruby/2.1.0/webrick/server.rb:295:in `block in start_thread'


  Rendered /Users/Brad/.rvm/gems/ruby-2.1.2/gems/actionpack-4.1.6/lib/action_dispatch/middleware/templates/rescues/_trace.html.erb (1.4ms)
  Rendered /Users/Brad/.rvm/gems/ruby-2.1.2/gems/actionpack-4.1.6/lib/action_dispatch/middleware/templates/routes/_route.html.erb (1.8ms)
  Rendered /Users/Brad/.rvm/gems/ruby-2.1.2/gems/actionpack-4.1.6/lib/action_dispatch/middleware/templates/routes/_table.html.erb (27.9ms)
  Rendered /Users/Brad/.rvm/gems/ruby-2.1.2/gems/actionpack-4.1.6/lib/action_dispatch/middleware/templates/rescues/routing_error.html.erb within rescues/layout (91.1ms)


Started GET "/homepage" for 127.0.0.1 at 2014-11-18 18:08:41 +0000

ActionController::RoutingError (No route matches [GET] "/homepage"):
  actionpack (4.1.6) lib/action_dispatch/middleware/debug_exceptions.rb:21:in `call'
  actionpack (4.1.6) lib/action_dispatch/middleware/show_exceptions.rb:30:in `call'
  railties (4.1.6) lib/rails/rack/logger.rb:38:in `call_app'
  railties (4.1.6) lib/rails/rack/logger.rb:20:in `block in call'
  activesupport (4.1.6) lib/active_support/tagged_logging.rb:68:in `block in tagged'
  activesupport (4.1.6) lib/active_support/tagged_logging.rb:26:in `tagged'
  activesupport (4.1.6) lib/active_support/tagged_logging.rb:68:in `tagged'
  railties (4.1.6) lib/rails/rack/logger.rb:20:in `call'
  actionpack (4.1.6) lib/action_dispatch/middleware/request_id.rb:21:in `call'
  rack (1.5.2) lib/rack/methodoverride.rb:21:in `call'
  rack (1.5.2) lib/rack/runtime.rb:17:in `call'
  activesupport (4.1.6) lib/active_support/cache/strategy/local_cache_middleware.rb:26:in `call'
  rack (1.5.2) lib/rack/lock.rb:17:in `call'
  actionpack (4.1.6) lib/action_dispatch/middleware/static.rb:64:in `call'
  rack (1.5.2) lib/rack/sendfile.rb:112:in `call'
  railties (4.1.6) lib/rails/engine.rb:514:in `call'
  railties (4.1.6) lib/rails/application.rb:144:in `call'
  rack (1.5.2) lib/rack/lock.rb:17:in `call'
  rack (1.5.2) lib/rack/content_length.rb:14:in `call'
  rack (1.5.2) lib/rack/handler/webrick.rb:60:in `service'
  /Users/Brad/.rvm/rubies/ruby-2.1.2/lib/ruby/2.1.0/webrick/httpserver.rb:138:in `service'
  /Users/Brad/.rvm/rubies/ruby-2.1.2/lib/ruby/2.1.0/webrick/httpserver.rb:94:in `run'
  /Users/Brad/.rvm/rubies/ruby-2.1.2/lib/ruby/2.1.0/webrick/server.rb:295:in `block in start_thread'


  Rendered /Users/Brad/.rvm/gems/ruby-2.1.2/gems/actionpack-4.1.6/lib/action_dispatch/middleware/templates/rescues/_trace.html.erb (1.0ms)
  Rendered /Users/Brad/.rvm/gems/ruby-2.1.2/gems/actionpack-4.1.6/lib/action_dispatch/middleware/templates/routes/_route.html.erb (1.3ms)
  Rendered /Users/Brad/.rvm/gems/ruby-2.1.2/gems/actionpack-4.1.6/lib/action_dispatch/middleware/templates/routes/_table.html.erb (1.0ms)
  Rendered /Users/Brad/.rvm/gems/ruby-2.1.2/gems/actionpack-4.1.6/lib/action_dispatch/middleware/templates/rescues/routing_error.html.erb within rescues/layout (16.4ms)


Started GET "/index" for 127.0.0.1 at 2014-11-18 18:08:44 +0000

ActionController::RoutingError (No route matches [GET] "/index"):
  actionpack (4.1.6) lib/action_dispatch/middleware/debug_exceptions.rb:21:in `call'
  actionpack (4.1.6) lib/action_dispatch/middleware/show_exceptions.rb:30:in `call'
  railties (4.1.6) lib/rails/rack/logger.rb:38:in `call_app'
  railties (4.1.6) lib/rails/rack/logger.rb:20:in `block in call'
  activesupport (4.1.6) lib/active_support/tagged_logging.rb:68:in `block in tagged'
  activesupport (4.1.6) lib/active_support/tagged_logging.rb:26:in `tagged'
  activesupport (4.1.6) lib/active_support/tagged_logging.rb:68:in `tagged'
  railties (4.1.6) lib/rails/rack/logger.rb:20:in `call'
  actionpack (4.1.6) lib/action_dispatch/middleware/request_id.rb:21:in `call'
  rack (1.5.2) lib/rack/methodoverride.rb:21:in `call'
  rack (1.5.2) lib/rack/runtime.rb:17:in `call'
  activesupport (4.1.6) lib/active_support/cache/strategy/local_cache_middleware.rb:26:in `call'
  rack (1.5.2) lib/rack/lock.rb:17:in `call'
  actionpack (4.1.6) lib/action_dispatch/middleware/static.rb:64:in `call'
  rack (1.5.2) lib/rack/sendfile.rb:112:in `call'
  railties (4.1.6) lib/rails/engine.rb:514:in `call'
  railties (4.1.6) lib/rails/application.rb:144:in `call'
  rack (1.5.2) lib/rack/lock.rb:17:in `call'
  rack (1.5.2) lib/rack/content_length.rb:14:in `call'
  rack (1.5.2) lib/rack/handler/webrick.rb:60:in `service'
  /Users/Brad/.rvm/rubies/ruby-2.1.2/lib/ruby/2.1.0/webrick/httpserver.rb:138:in `service'
  /Users/Brad/.rvm/rubies/ruby-2.1.2/lib/ruby/2.1.0/webrick/httpserver.rb:94:in `run'
  /Users/Brad/.rvm/rubies/ruby-2.1.2/lib/ruby/2.1.0/webrick/server.rb:295:in `block in start_thread'


  Rendered /Users/Brad/.rvm/gems/ruby-2.1.2/gems/actionpack-4.1.6/lib/action_dispatch/middleware/templates/rescues/_trace.html.erb (1.1ms)
  Rendered /Users/Brad/.rvm/gems/ruby-2.1.2/gems/actionpack-4.1.6/lib/action_dispatch/middleware/templates/routes/_route.html.erb (1.6ms)
  Rendered /Users/Brad/.rvm/gems/ruby-2.1.2/gems/actionpack-4.1.6/lib/action_dispatch/middleware/templates/routes/_table.html.erb (0.9ms)
  Rendered /Users/Brad/.rvm/gems/ruby-2.1.2/gems/actionpack-4.1.6/lib/action_dispatch/middleware/templates/rescues/routing_error.html.erb within rescues/layout (17.1ms)


Started GET "/index" for 127.0.0.1 at 2014-11-18 18:09:58 +0000

ActionController::RoutingError (No route matches [GET] "/index"):
  actionpack (4.1.6) lib/action_dispatch/middleware/debug_exceptions.rb:21:in `call'
  actionpack (4.1.6) lib/action_dispatch/middleware/show_exceptions.rb:30:in `call'
  railties (4.1.6) lib/rails/rack/logger.rb:38:in `call_app'
  railties (4.1.6) lib/rails/rack/logger.rb:20:in `block in call'
  activesupport (4.1.6) lib/active_support/tagged_logging.rb:68:in `block in tagged'
  activesupport (4.1.6) lib/active_support/tagged_logging.rb:26:in `tagged'
  activesupport (4.1.6) lib/active_support/tagged_logging.rb:68:in `tagged'
  railties (4.1.6) lib/rails/rack/logger.rb:20:in `call'
  actionpack (4.1.6) lib/action_dispatch/middleware/request_id.rb:21:in `call'
  rack (1.5.2) lib/rack/methodoverride.rb:21:in `call'
  rack (1.5.2) lib/rack/runtime.rb:17:in `call'
  activesupport (4.1.6) lib/active_support/cache/strategy/local_cache_middleware.rb:26:in `call'
  rack (1.5.2) lib/rack/lock.rb:17:in `call'
  actionpack (4.1.6) lib/action_dispatch/middleware/static.rb:64:in `call'
  rack (1.5.2) lib/rack/sendfile.rb:112:in `call'
  railties (4.1.6) lib/rails/engine.rb:514:in `call'
  railties (4.1.6) lib/rails/application.rb:144:in `call'
  rack (1.5.2) lib/rack/lock.rb:17:in `call'
  rack (1.5.2) lib/rack/content_length.rb:14:in `call'
  rack (1.5.2) lib/rack/handler/webrick.rb:60:in `service'
  /Users/Brad/.rvm/rubies/ruby-2.1.2/lib/ruby/2.1.0/webrick/httpserver.rb:138:in `service'
  /Users/Brad/.rvm/rubies/ruby-2.1.2/lib/ruby/2.1.0/webrick/httpserver.rb:94:in `run'
  /Users/Brad/.rvm/rubies/ruby-2.1.2/lib/ruby/2.1.0/webrick/server.rb:295:in `block in start_thread'


  Rendered /Users/Brad/.rvm/gems/ruby-2.1.2/gems/actionpack-4.1.6/lib/action_dispatch/middleware/templates/rescues/_trace.html.erb (1.3ms)
  Rendered /Users/Brad/.rvm/gems/ruby-2.1.2/gems/actionpack-4.1.6/lib/action_dispatch/middleware/templates/routes/_route.html.erb (0.8ms)
  Rendered /Users/Brad/.rvm/gems/ruby-2.1.2/gems/actionpack-4.1.6/lib/action_dispatch/middleware/templates/routes/_table.html.erb (1.1ms)
  Rendered /Users/Brad/.rvm/gems/ruby-2.1.2/gems/actionpack-4.1.6/lib/action_dispatch/middleware/templates/rescues/routing_error.html.erb within rescues/layout (15.9ms)


Started GET "/" for 127.0.0.1 at 2014-11-18 18:10:00 +0000
Processing by Rails::WelcomeController#index as HTML
  Rendered /Users/Brad/.rvm/gems/ruby-2.1.2/gems/railties-4.1.6/lib/rails/templates/rails/welcome/index.html.erb (0.3ms)
Completed 200 OK in 2ms (Views: 1.8ms | ActiveRecord: 0.0ms)


Started GET "/homepage" for 127.0.0.1 at 2014-11-18 18:10:04 +0000

ActionController::RoutingError (No route matches [GET] "/homepage"):
  actionpack (4.1.6) lib/action_dispatch/middleware/debug_exceptions.rb:21:in `call'
  actionpack (4.1.6) lib/action_dispatch/middleware/show_exceptions.rb:30:in `call'
  railties (4.1.6) lib/rails/rack/logger.rb:38:in `call_app'
  railties (4.1.6) lib/rails/rack/logger.rb:20:in `block in call'
  activesupport (4.1.6) lib/active_support/tagged_logging.rb:68:in `block in tagged'
  activesupport (4.1.6) lib/active_support/tagged_logging.rb:26:in `tagged'
  activesupport (4.1.6) lib/active_support/tagged_logging.rb:68:in `tagged'
  railties (4.1.6) lib/rails/rack/logger.rb:20:in `call'
  actionpack (4.1.6) lib/action_dispatch/middleware/request_id.rb:21:in `call'
  rack (1.5.2) lib/rack/methodoverride.rb:21:in `call'
  rack (1.5.2) lib/rack/runtime.rb:17:in `call'
  activesupport (4.1.6) lib/active_support/cache/strategy/local_cache_middleware.rb:26:in `call'
  rack (1.5.2) lib/rack/lock.rb:17:in `call'
  actionpack (4.1.6) lib/action_dispatch/middleware/static.rb:64:in `call'
  rack (1.5.2) lib/rack/sendfile.rb:112:in `call'
  railties (4.1.6) lib/rails/engine.rb:514:in `call'
  railties (4.1.6) lib/rails/application.rb:144:in `call'
  rack (1.5.2) lib/rack/lock.rb:17:in `call'
  rack (1.5.2) lib/rack/content_length.rb:14:in `call'
  rack (1.5.2) lib/rack/handler/webrick.rb:60:in `service'
  /Users/Brad/.rvm/rubies/ruby-2.1.2/lib/ruby/2.1.0/webrick/httpserver.rb:138:in `service'
  /Users/Brad/.rvm/rubies/ruby-2.1.2/lib/ruby/2.1.0/webrick/httpserver.rb:94:in `run'
  /Users/Brad/.rvm/rubies/ruby-2.1.2/lib/ruby/2.1.0/webrick/server.rb:295:in `block in start_thread'


  Rendered /Users/Brad/.rvm/gems/ruby-2.1.2/gems/actionpack-4.1.6/lib/action_dispatch/middleware/templates/rescues/_trace.html.erb (0.9ms)
  Rendered /Users/Brad/.rvm/gems/ruby-2.1.2/gems/actionpack-4.1.6/lib/action_dispatch/middleware/templates/routes/_route.html.erb (0.8ms)
  Rendered /Users/Brad/.rvm/gems/ruby-2.1.2/gems/actionpack-4.1.6/lib/action_dispatch/middleware/templates/routes/_table.html.erb (1.1ms)
  Rendered /Users/Brad/.rvm/gems/ruby-2.1.2/gems/actionpack-4.1.6/lib/action_dispatch/middleware/templates/rescues/routing_error.html.erb within rescues/layout (15.1ms)


Started GET "/index" for 127.0.0.1 at 2014-11-18 18:10:10 +0000

ActionController::RoutingError (No route matches [GET] "/index"):
  actionpack (4.1.6) lib/action_dispatch/middleware/debug_exceptions.rb:21:in `call'
  actionpack (4.1.6) lib/action_dispatch/middleware/show_exceptions.rb:30:in `call'
  railties (4.1.6) lib/rails/rack/logger.rb:38:in `call_app'
  railties (4.1.6) lib/rails/rack/logger.rb:20:in `block in call'
  activesupport (4.1.6) lib/active_support/tagged_logging.rb:68:in `block in tagged'
  activesupport (4.1.6) lib/active_support/tagged_logging.rb:26:in `tagged'
  activesupport (4.1.6) lib/active_support/tagged_logging.rb:68:in `tagged'
  railties (4.1.6) lib/rails/rack/logger.rb:20:in `call'
  actionpack (4.1.6) lib/action_dispatch/middleware/request_id.rb:21:in `call'
  rack (1.5.2) lib/rack/methodoverride.rb:21:in `call'
  rack (1.5.2) lib/rack/runtime.rb:17:in `call'
  activesupport (4.1.6) lib/active_support/cache/strategy/local_cache_middleware.rb:26:in `call'
  rack (1.5.2) lib/rack/lock.rb:17:in `call'
  actionpack (4.1.6) lib/action_dispatch/middleware/static.rb:64:in `call'
  rack (1.5.2) lib/rack/sendfile.rb:112:in `call'
  railties (4.1.6) lib/rails/engine.rb:514:in `call'
  railties (4.1.6) lib/rails/application.rb:144:in `call'
  rack (1.5.2) lib/rack/lock.rb:17:in `call'
  rack (1.5.2) lib/rack/content_length.rb:14:in `call'
  rack (1.5.2) lib/rack/handler/webrick.rb:60:in `service'
  /Users/Brad/.rvm/rubies/ruby-2.1.2/lib/ruby/2.1.0/webrick/httpserver.rb:138:in `service'
  /Users/Brad/.rvm/rubies/ruby-2.1.2/lib/ruby/2.1.0/webrick/httpserver.rb:94:in `run'
  /Users/Brad/.rvm/rubies/ruby-2.1.2/lib/ruby/2.1.0/webrick/server.rb:295:in `block in start_thread'


  Rendered /Users/Brad/.rvm/gems/ruby-2.1.2/gems/actionpack-4.1.6/lib/action_dispatch/middleware/templates/rescues/_trace.html.erb (1.0ms)
  Rendered /Users/Brad/.rvm/gems/ruby-2.1.2/gems/actionpack-4.1.6/lib/action_dispatch/middleware/templates/routes/_route.html.erb (0.7ms)
  Rendered /Users/Brad/.rvm/gems/ruby-2.1.2/gems/actionpack-4.1.6/lib/action_dispatch/middleware/templates/routes/_table.html.erb (1.1ms)
  Rendered /Users/Brad/.rvm/gems/ruby-2.1.2/gems/actionpack-4.1.6/lib/action_dispatch/middleware/templates/rescues/routing_error.html.erb within rescues/layout (13.8ms)


Started GET "/index" for 127.0.0.1 at 2014-11-18 18:10:47 +0000

ActionController::RoutingError (No route matches [GET] "/index"):
  actionpack (4.1.6) lib/action_dispatch/middleware/debug_exceptions.rb:21:in `call'
  actionpack (4.1.6) lib/action_dispatch/middleware/show_exceptions.rb:30:in `call'
  railties (4.1.6) lib/rails/rack/logger.rb:38:in `call_app'
  railties (4.1.6) lib/rails/rack/logger.rb:20:in `block in call'
  activesupport (4.1.6) lib/active_support/tagged_logging.rb:68:in `block in tagged'
  activesupport (4.1.6) lib/active_support/tagged_logging.rb:26:in `tagged'
  activesupport (4.1.6) lib/active_support/tagged_logging.rb:68:in `tagged'
  railties (4.1.6) lib/rails/rack/logger.rb:20:in `call'
  actionpack (4.1.6) lib/action_dispatch/middleware/request_id.rb:21:in `call'
  rack (1.5.2) lib/rack/methodoverride.rb:21:in `call'
  rack (1.5.2) lib/rack/runtime.rb:17:in `call'
  activesupport (4.1.6) lib/active_support/cache/strategy/local_cache_middleware.rb:26:in `call'
  rack (1.5.2) lib/rack/lock.rb:17:in `call'
  actionpack (4.1.6) lib/action_dispatch/middleware/static.rb:64:in `call'
  rack (1.5.2) lib/rack/sendfile.rb:112:in `call'
  railties (4.1.6) lib/rails/engine.rb:514:in `call'
  railties (4.1.6) lib/rails/application.rb:144:in `call'
  rack (1.5.2) lib/rack/lock.rb:17:in `call'
  rack (1.5.2) lib/rack/content_length.rb:14:in `call'
  rack (1.5.2) lib/rack/handler/webrick.rb:60:in `service'
  /Users/Brad/.rvm/rubies/ruby-2.1.2/lib/ruby/2.1.0/webrick/httpserver.rb:138:in `service'
  /Users/Brad/.rvm/rubies/ruby-2.1.2/lib/ruby/2.1.0/webrick/httpserver.rb:94:in `run'
  /Users/Brad/.rvm/rubies/ruby-2.1.2/lib/ruby/2.1.0/webrick/server.rb:295:in `block in start_thread'


  Rendered /Users/Brad/.rvm/gems/ruby-2.1.2/gems/actionpack-4.1.6/lib/action_dispatch/middleware/templates/rescues/_trace.html.erb (0.9ms)
  Rendered /Users/Brad/.rvm/gems/ruby-2.1.2/gems/actionpack-4.1.6/lib/action_dispatch/middleware/templates/routes/_route.html.erb (0.8ms)
  Rendered /Users/Brad/.rvm/gems/ruby-2.1.2/gems/actionpack-4.1.6/lib/action_dispatch/middleware/templates/routes/_table.html.erb (1.1ms)
  Rendered /Users/Brad/.rvm/gems/ruby-2.1.2/gems/actionpack-4.1.6/lib/action_dispatch/middleware/templates/rescues/routing_error.html.erb within rescues/layout (13.8ms)


Started GET "/" for 127.0.0.1 at 2014-11-18 18:10:51 +0000
Processing by HomepageController#index as HTML
  Rendered homepage/index.html.erb within layouts/application (0.4ms)
Completed 200 OK in 1244ms (Views: 1242.9ms | ActiveRecord: 0.0ms)


Started GET "/assets/application.css?body=1" for 127.0.0.1 at 2014-11-18 18:10:52 +0000


Started GET "/assets/homepage.css?body=1" for 127.0.0.1 at 2014-11-18 18:10:52 +0000


Started GET "/assets/turbolinks.js?body=1" for 127.0.0.1 at 2014-11-18 18:10:52 +0000


Started GET "/assets/jquery.js?body=1" for 127.0.0.1 at 2014-11-18 18:10:52 +0000


Started GET "/assets/scaffolds.css?body=1" for 127.0.0.1 at 2014-11-18 18:10:52 +0000


Started GET "/assets/jquery_ujs.js?body=1" for 127.0.0.1 at 2014-11-18 18:10:52 +0000


Started GET "/assets/homepage.js?body=1" for 127.0.0.1 at 2014-11-18 18:10:52 +0000


Started GET "/assets/application.js?body=1" for 127.0.0.1 at 2014-11-18 18:10:52 +0000
  [1m[36mActiveRecord::SchemaMigration Load (0.2ms)[0m  [1mSELECT `schema_migrations`.* FROM `schema_migrations`[0m


Started GET "/" for 127.0.0.1 at 2014-11-18 18:11:36 +0000
Processing by HomepageController#index as HTML
  Rendered homepage/index.html.erb within layouts/application (0.5ms)
Completed 200 OK in 44ms (Views: 43.3ms | ActiveRecord: 0.0ms)


Started GET "/assets/scaffolds.css?body=1" for 127.0.0.1 at 2014-11-18 18:11:36 +0000


Started GET "/assets/application.css?body=1" for 127.0.0.1 at 2014-11-18 18:11:36 +0000


Started GET "/assets/jquery.js?body=1" for 127.0.0.1 at 2014-11-18 18:11:36 +0000


Started GET "/assets/jquery_ujs.js?body=1" for 127.0.0.1 at 2014-11-18 18:11:36 +0000


Started GET "/assets/turbolinks.js?body=1" for 127.0.0.1 at 2014-11-18 18:11:36 +0000


Started GET "/assets/homepage.css?body=1" for 127.0.0.1 at 2014-11-18 18:11:36 +0000


Started GET "/assets/homepage.js?body=1" for 127.0.0.1 at 2014-11-18 18:11:36 +0000


Started GET "/assets/application.js?body=1" for 127.0.0.1 at 2014-11-18 18:11:36 +0000


Started GET "/" for 127.0.0.1 at 2014-11-18 18:12:26 +0000
Processing by HomepageController#index as HTML
  Rendered homepage/index.html.erb within layouts/application (0.6ms)
Completed 200 OK in 63ms (Views: 62.2ms | ActiveRecord: 0.0ms)


Started GET "/assets/homepage.css?body=1" for 127.0.0.1 at 2014-11-18 18:12:26 +0000


Started GET "/assets/application.css?body=1" for 127.0.0.1 at 2014-11-18 18:12:26 +0000


Started GET "/assets/scaffolds.css?body=1" for 127.0.0.1 at 2014-11-18 18:12:26 +0000


Started GET "/assets/jquery_ujs.js?body=1" for 127.0.0.1 at 2014-11-18 18:12:26 +0000


Started GET "/assets/turbolinks.js?body=1" for 127.0.0.1 at 2014-11-18 18:12:26 +0000


Started GET "/assets/jquery.js?body=1" for 127.0.0.1 at 2014-11-18 18:12:26 +0000


Started GET "/assets/homepage.js?body=1" for 127.0.0.1 at 2014-11-18 18:12:26 +0000


Started GET "/assets/application.js?body=1" for 127.0.0.1 at 2014-11-18 18:12:26 +0000


Started GET "/" for 127.0.0.1 at 2014-11-18 18:13:11 +0000
Processing by HomepageController#index as HTML
  Rendered homepage/index.html.erb within layouts/application (0.4ms)
Completed 200 OK in 55ms (Views: 54.0ms | ActiveRecord: 0.0ms)


Started GET "/assets/homepage.css?body=1" for 127.0.0.1 at 2014-11-18 18:13:11 +0000


Started GET "/assets/scaffolds.css?body=1" for 127.0.0.1 at 2014-11-18 18:13:11 +0000


Started GET "/assets/jquery_ujs.js?body=1" for 127.0.0.1 at 2014-11-18 18:13:11 +0000


Started GET "/assets/application.css?body=1" for 127.0.0.1 at 2014-11-18 18:13:11 +0000


Started GET "/assets/jquery.js?body=1" for 127.0.0.1 at 2014-11-18 18:13:11 +0000


Started GET "/assets/turbolinks.js?body=1" for 127.0.0.1 at 2014-11-18 18:13:11 +0000


Started GET "/assets/homepage.js?body=1" for 127.0.0.1 at 2014-11-18 18:13:11 +0000


Started GET "/assets/application.js?body=1" for 127.0.0.1 at 2014-11-18 18:13:11 +0000


Started GET "/" for 127.0.0.1 at 2014-11-18 18:13:23 +0000
Processing by HomepageController#index as HTML
  Rendered homepage/index.html.erb within layouts/application (0.5ms)
Completed 200 OK in 56ms (Views: 55.0ms | ActiveRecord: 0.0ms)


Started GET "/assets/application.css?body=1" for 127.0.0.1 at 2014-11-18 18:13:23 +0000


Started GET "/assets/scaffolds.css?body=1" for 127.0.0.1 at 2014-11-18 18:13:23 +0000


Started GET "/assets/jquery.js?body=1" for 127.0.0.1 at 2014-11-18 18:13:23 +0000


Started GET "/assets/homepage.css?body=1" for 127.0.0.1 at 2014-11-18 18:13:23 +0000


Started GET "/assets/turbolinks.js?body=1" for 127.0.0.1 at 2014-11-18 18:13:23 +0000


Started GET "/assets/jquery_ujs.js?body=1" for 127.0.0.1 at 2014-11-18 18:13:23 +0000


Started GET "/assets/homepage.js?body=1" for 127.0.0.1 at 2014-11-18 18:13:23 +0000


Started GET "/assets/application.js?body=1" for 127.0.0.1 at 2014-11-18 18:13:23 +0000


Started GET "/" for 127.0.0.1 at 2014-11-18 18:15:34 +0000
Processing by HomepageController#index as HTML
  Rendered homepage/index.html.erb within layouts/application (0.6ms)
Completed 200 OK in 95ms (Views: 94.6ms | ActiveRecord: 0.0ms)


Started GET "/assets/scaffolds.css?body=1" for 127.0.0.1 at 2014-11-18 18:15:34 +0000


Started GET "/assets/application.css?body=1" for 127.0.0.1 at 2014-11-18 18:15:34 +0000


Started GET "/assets/homepage.css?body=1" for 127.0.0.1 at 2014-11-18 18:15:34 +0000


Started GET "/assets/jquery_ujs.js?body=1" for 127.0.0.1 at 2014-11-18 18:15:34 +0000


Started GET "/assets/jquery.js?body=1" for 127.0.0.1 at 2014-11-18 18:15:34 +0000


Started GET "/assets/turbolinks.js?body=1" for 127.0.0.1 at 2014-11-18 18:15:34 +0000


Started GET "/assets/homepage.js?body=1" for 127.0.0.1 at 2014-11-18 18:15:34 +0000


Started GET "/assets/application.js?body=1" for 127.0.0.1 at 2014-11-18 18:15:34 +0000


Started GET "/" for 127.0.0.1 at 2014-11-18 18:17:06 +0000
Processing by HomepageController#index as HTML
  Rendered homepage/index.html.erb within layouts/application (0.7ms)
Completed 200 OK in 46ms (Views: 45.2ms | ActiveRecord: 0.0ms)


Started GET "/assets/scaffolds.css?body=1" for 127.0.0.1 at 2014-11-18 18:17:06 +0000


Started GET "/assets/turbolinks.js?body=1" for 127.0.0.1 at 2014-11-18 18:17:06 +0000


Started GET "/assets/jquery.js?body=1" for 127.0.0.1 at 2014-11-18 18:17:06 +0000


Started GET "/assets/application.css?body=1" for 127.0.0.1 at 2014-11-18 18:17:06 +0000


Started GET "/assets/homepage.css?body=1" for 127.0.0.1 at 2014-11-18 18:17:06 +0000


Started GET "/assets/jquery_ujs.js?body=1" for 127.0.0.1 at 2014-11-18 18:17:06 +0000


Started GET "/assets/homepage.js?body=1" for 127.0.0.1 at 2014-11-18 18:17:06 +0000


Started GET "/assets/application.js?body=1" for 127.0.0.1 at 2014-11-18 18:17:06 +0000


Started GET "/" for 127.0.0.1 at 2014-11-18 18:17:09 +0000
Processing by HomepageController#index as HTML
  Rendered homepage/index.html.erb within layouts/application (0.0ms)
Completed 200 OK in 46ms (Views: 45.6ms | ActiveRecord: 0.0ms)


Started GET "/assets/jquery.js?body=1" for 127.0.0.1 at 2014-11-18 18:17:09 +0000


Started GET "/assets/scaffolds.css?body=1" for 127.0.0.1 at 2014-11-18 18:17:09 +0000


Started GET "/assets/turbolinks.js?body=1" for 127.0.0.1 at 2014-11-18 18:17:09 +0000


Started GET "/assets/jquery_ujs.js?body=1" for 127.0.0.1 at 2014-11-18 18:17:09 +0000


Started GET "/assets/application.css?body=1" for 127.0.0.1 at 2014-11-18 18:17:09 +0000


Started GET "/assets/homepage.css?body=1" for 127.0.0.1 at 2014-11-18 18:17:09 +0000


Started GET "/assets/homepage.js?body=1" for 127.0.0.1 at 2014-11-18 18:17:09 +0000


Started GET "/assets/application.js?body=1" for 127.0.0.1 at 2014-11-18 18:17:09 +0000


Started GET "/" for 127.0.0.1 at 2014-11-18 18:17:24 +0000
Processing by HomepageController#index as HTML
  Rendered homepage/index.html.erb within layouts/application (0.4ms)
Completed 200 OK in 40ms (Views: 39.3ms | ActiveRecord: 0.0ms)


Started GET "/assets/jquery.js?body=1" for 127.0.0.1 at 2014-11-18 18:17:25 +0000


Started GET "/assets/application.css?body=1" for 127.0.0.1 at 2014-11-18 18:17:25 +0000


Started GET "/assets/homepage.css?body=1" for 127.0.0.1 at 2014-11-18 18:17:25 +0000


Started GET "/assets/jquery_ujs.js?body=1" for 127.0.0.1 at 2014-11-18 18:17:25 +0000


Started GET "/assets/scaffolds.css?body=1" for 127.0.0.1 at 2014-11-18 18:17:25 +0000


Started GET "/assets/turbolinks.js?body=1" for 127.0.0.1 at 2014-11-18 18:17:25 +0000


Started GET "/assets/homepage.js?body=1" for 127.0.0.1 at 2014-11-18 18:17:25 +0000


Started GET "/assets/application.js?body=1" for 127.0.0.1 at 2014-11-18 18:17:25 +0000


Started GET "/" for 127.0.0.1 at 2014-11-18 18:17:33 +0000
Processing by HomepageController#index as HTML
  Rendered homepage/index.html.erb within layouts/application (0.4ms)
Completed 200 OK in 46ms (Views: 45.0ms | ActiveRecord: 0.0ms)


Started GET "/assets/homepage.css?body=1" for 127.0.0.1 at 2014-11-18 18:17:33 +0000


Started GET "/assets/scaffolds.css?body=1" for 127.0.0.1 at 2014-11-18 18:17:33 +0000


Started GET "/assets/jquery_ujs.js?body=1" for 127.0.0.1 at 2014-11-18 18:17:33 +0000


Started GET "/assets/jquery.js?body=1" for 127.0.0.1 at 2014-11-18 18:17:33 +0000


Started GET "/assets/turbolinks.js?body=1" for 127.0.0.1 at 2014-11-18 18:17:33 +0000


Started GET "/assets/application.css?body=1" for 127.0.0.1 at 2014-11-18 18:17:33 +0000


Started GET "/assets/homepage.js?body=1" for 127.0.0.1 at 2014-11-18 18:17:33 +0000


Started GET "/assets/application.js?body=1" for 127.0.0.1 at 2014-11-18 18:17:33 +0000


Started GET "/" for 127.0.0.1 at 2014-11-18 18:18:21 +0000
Processing by HomepageController#index as HTML
  Rendered homepage/index.html.erb within layouts/application (0.4ms)
Completed 200 OK in 52ms (Views: 51.5ms | ActiveRecord: 0.0ms)


Started GET "/assets/homepage.css?body=1" for 127.0.0.1 at 2014-11-18 18:18:21 +0000


Started GET "/assets/scaffolds.css?body=1" for 127.0.0.1 at 2014-11-18 18:18:21 +0000


Started GET "/assets/application.css?body=1" for 127.0.0.1 at 2014-11-18 18:18:21 +0000


Started GET "/assets/jquery_ujs.js?body=1" for 127.0.0.1 at 2014-11-18 18:18:21 +0000


Started GET "/assets/jquery.js?body=1" for 127.0.0.1 at 2014-11-18 18:18:21 +0000


Started GET "/assets/turbolinks.js?body=1" for 127.0.0.1 at 2014-11-18 18:18:21 +0000


Started GET "/assets/homepage.js?body=1" for 127.0.0.1 at 2014-11-18 18:18:21 +0000


Started GET "/assets/application.js?body=1" for 127.0.0.1 at 2014-11-18 18:18:21 +0000


Started GET "/" for 127.0.0.1 at 2014-11-18 18:18:47 +0000
Processing by HomepageController#index as HTML
  Rendered homepage/index.html.erb within layouts/application (0.7ms)
Completed 200 OK in 45ms (Views: 44.2ms | ActiveRecord: 0.0ms)


Started GET "/assets/application.css?body=1" for 127.0.0.1 at 2014-11-18 18:18:47 +0000


Started GET "/assets/homepage.css?body=1" for 127.0.0.1 at 2014-11-18 18:18:47 +0000


Started GET "/assets/scaffolds.css?body=1" for 127.0.0.1 at 2014-11-18 18:18:47 +0000


Started GET "/assets/turbolinks.js?body=1" for 127.0.0.1 at 2014-11-18 18:18:47 +0000


Started GET "/assets/jquery.js?body=1" for 127.0.0.1 at 2014-11-18 18:18:47 +0000


Started GET "/assets/jquery_ujs.js?body=1" for 127.0.0.1 at 2014-11-18 18:18:47 +0000


Started GET "/assets/homepage.js?body=1" for 127.0.0.1 at 2014-11-18 18:18:47 +0000


Started GET "/assets/application.js?body=1" for 127.0.0.1 at 2014-11-18 18:18:47 +0000


Started GET "/" for 127.0.0.1 at 2014-11-18 18:18:54 +0000
Processing by HomepageController#index as HTML
  Rendered homepage/index.html.erb within layouts/application (0.5ms)
Completed 200 OK in 61ms (Views: 60.0ms | ActiveRecord: 0.0ms)


Started GET "/assets/scaffolds.css?body=1" for 127.0.0.1 at 2014-11-18 18:18:54 +0000


Started GET "/assets/jquery_ujs.js?body=1" for 127.0.0.1 at 2014-11-18 18:18:54 +0000


Started GET "/assets/turbolinks.js?body=1" for 127.0.0.1 at 2014-11-18 18:18:54 +0000


Started GET "/assets/application.css?body=1" for 127.0.0.1 at 2014-11-18 18:18:54 +0000


Started GET "/assets/homepage.js?body=1" for 127.0.0.1 at 2014-11-18 18:18:54 +0000


Started GET "/assets/jquery.js?body=1" for 127.0.0.1 at 2014-11-18 18:18:54 +0000


Started GET "/assets/homepage.css?body=1" for 127.0.0.1 at 2014-11-18 18:18:54 +0000


Started GET "/assets/application.js?body=1" for 127.0.0.1 at 2014-11-18 18:18:54 +0000


Started GET "/" for 127.0.0.1 at 2014-11-18 18:20:24 +0000
Processing by HomepageController#index as HTML
  Rendered homepage/index.html.erb within layouts/application (0.0ms)
Completed 200 OK in 49ms (Views: 48.4ms | ActiveRecord: 0.0ms)


Started GET "/assets/scaffolds.css?body=1" for 127.0.0.1 at 2014-11-18 18:20:24 +0000


Started GET "/assets/application.css?body=1" for 127.0.0.1 at 2014-11-18 18:20:24 +0000


Started GET "/assets/turbolinks.js?body=1" for 127.0.0.1 at 2014-11-18 18:20:24 +0000


Started GET "/assets/homepage.css?body=1" for 127.0.0.1 at 2014-11-18 18:20:24 +0000


Started GET "/assets/jquery_ujs.js?body=1" for 127.0.0.1 at 2014-11-18 18:20:24 +0000


Started GET "/assets/jquery.js?body=1" for 127.0.0.1 at 2014-11-18 18:20:24 +0000


Started GET "/assets/homepage.js?body=1" for 127.0.0.1 at 2014-11-18 18:20:24 +0000


Started GET "/assets/application.js?body=1" for 127.0.0.1 at 2014-11-18 18:20:24 +0000
